openshift-service-cert-signer-operator
total 44K
drwxr-xr-x.   1 root root  186 Nov 29 15:27 .
drwxr-xr-x.   1 root root  186 Nov 29 15:27 ..
-rwxr-xr-x.   1 root root    0 Nov 29 15:27 .dockerenv
-rw-r--r--.   1 root root  12K Oct  1 01:16 anaconda-post.log
lrwxrwxrwx.   1 root root    7 Oct  1 01:15 bin -> usr/bin
drwxr-xr-x.  14 root root 2.6K Nov 29 15:27 dev
drwxr-xr-x.   1 root root   66 Nov 29 15:27 etc
drwxr-xr-x.   2 root root    6 Apr 11  2018 home
-rwxr-xr-x.   1 root root  857 Jan  1  1970 install.sh
-rw-r--r--.   1 root root 2.9K Jan  1  1970 install.yaml
-rw-r--r--.   1 root root 5.6K Jan  1  1970 kubeconfig.kubeconfig
lrwxrwxrwx.   1 root root    7 Oct  1 01:15 lib -> usr/lib
lrwxrwxrwx.   1 root root    9 Oct  1 01:15 lib64 -> usr/lib64
drwxr-xr-x.   2 root root    6 Apr 11  2018 media
drwxr-xr-x.   2 root root    6 Apr 11  2018 mnt
-rw-r--r--.   1 root root   24 Jan  1  1970 namespace-file
-rw-r--r--.   1 root root  173 Jan  1  1970 namespace.yaml
drwxr-xr-x.   2 root root    6 Apr 11  2018 opt
-rw-r--r--.   1 root root  504 Jan  1  1970 param-file.txt
-rw-r--r--.   1 root root    0 Jan  1  1970 privileged-sa-list.txt
dr-xr-xr-x. 154 root root    0 Nov 29 15:24 proc
-rw-r--r--.   1 root root  631 Jan  1  1970 rbac.yaml
dr-xr-x---.   1 root root   18 Nov 27 18:00 root
drwxr-xr-x.   1 root root    6 Nov 27 18:30 run
lrwxrwxrwx.   1 root root    8 Oct  1 01:15 sbin -> usr/sbin
drwxr-xr-x.   2 root root    6 Apr 11  2018 srv
dr-xr-xr-x.  13 root root    0 Nov 29 15:24 sys
drwxrwxrwt.   1 root root    6 Nov 27 18:29 tmp
drwxr-xr-x.   1 root root   30 Oct  1 01:15 usr
drwxr-xr-x.   1 root root   41 Oct  1 01:15 var
namespace/openshift-core-operators created
clusterrolebinding.rbac.authorization.k8s.io/system:openshift:operator:service-cert-signer reconciled
namespace/openshift-core-operators configured
customresourcedefinition.apiextensions.k8s.io/servicecertsigneroperatorconfigs.servicecertsigner.config.openshift.io created
configmap/openshift-service-cert-signer-operator-config created
deployment.apps/openshift-service-cert-signer-operator created
serviceaccount/openshift-service-cert-signer-operator created
servicecertsigneroperatorconfig.servicecertsigner.config.openshift.io/instance created
